TN:
SF:/Users/rpesic/Work/faks/verifikacija/2026_Analysis_neovim/neovim/src/mpack/conv.c
FNL:0,19,23
FNA:0,0,mpack_pack_nil
FNL:1,26,32
FNA:1,0,mpack_pack_boolean
FNL:2,35,41
FNA:2,0,mpack_pack_uint
FNL:3,44,56
FNA:3,0,mpack_pack_sint
FNL:4,58,73
FNA:4,0,mpack_pack_float_compat
FNL:5,76,105
FNA:5,0,mpack_pack_float_fast
FNL:6,108,141
FNA:6,0,mpack_pack_number
FNL:7,143,149
FNA:7,0,mpack_pack_chunk
FNL:8,152,157
FNA:8,0,mpack_pack_str
FNL:9,160,165
FNA:9,0,mpack_pack_bin
FNL:10,168,174
FNA:10,0,mpack_pack_ext
FNL:11,177,182
FNA:11,0,mpack_pack_array
FNL:12,185,190
FNA:12,0,mpack_pack_map
FNL:13,193,195
FNA:13,0,mpack_unpack_boolean
FNL:14,198,200
FNA:14,19,mpack_unpack_uint
FNL:15,205,221
FNA:15,15,mpack_unpack_sint
FNL:16,224,261
FNA:16,0,mpack_unpack_float_compat
FNL:17,263,285
FNA:17,0,mpack_unpack_float_fast
FNL:18,287,311
FNA:18,0,mpack_unpack_number
FNL:19,313,315
FNA:19,0,mpack_fits_single
FNL:20,318,355
FNA:20,0,mpack_pack_ieee754
FNL:21,358,366
FNA:21,0,mpack_is_be
FNL:22,371,373
FNA:22,0,mpack_fmod_pow2_32
FNF:23
FNH:2
BRDA:46,0,0,-
BRDA:46,0,1,-
BRDA:64,0,0,-
BRDA:64,0,1,-
BRDA:82,0,0,-
BRDA:82,0,1,-
BRDA:99,0,0,-
BRDA:99,0,1,-
BRDA:112,0,0,-
BRDA:112,0,1,-
BRDA:113,0,0,-
BRDA:113,0,1,-
BRDA:113,0,2,-
BRDA:113,0,3,-
BRDA:117,0,0,-
BRDA:117,0,1,-
BRDA:122,0,0,-
BRDA:122,0,1,-
BRDA:123,0,0,-
BRDA:123,0,1,-
BRDA:123,0,2,-
BRDA:123,0,3,-
BRDA:124,0,0,-
BRDA:124,0,1,-
BRDA:125,0,0,-
BRDA:125,0,1,-
BRDA:126,0,0,-
BRDA:126,0,1,-
BRDA:130,0,0,-
BRDA:130,0,1,-
BRDA:131,0,0,-
BRDA:131,0,1,-
BRDA:132,0,0,-
BRDA:132,0,1,-
BRDA:136,0,0,-
BRDA:136,0,1,-
BRDA:195,0,0,-
BRDA:195,0,1,-
BRDA:210,0,0,1
BRDA:210,0,1,0
BRDA:212,0,0,1
BRDA:212,0,1,1
BRDA:232,0,0,-
BRDA:232,0,1,-
BRDA:232,0,2,-
BRDA:232,0,3,-
BRDA:236,0,0,-
BRDA:236,0,1,-
BRDA:241,0,0,-
BRDA:241,0,1,-
BRDA:253,0,0,-
BRDA:253,0,1,-
BRDA:258,0,0,-
BRDA:258,0,1,-
BRDA:259,0,0,-
BRDA:259,0,1,-
BRDA:265,0,0,-
BRDA:265,0,1,-
BRDA:279,0,0,-
BRDA:279,0,1,-
BRDA:291,0,0,-
BRDA:291,0,1,-
BRDA:292,0,0,-
BRDA:292,0,1,-
BRDA:292,0,2,-
BRDA:292,0,3,-
BRDA:295,0,0,-
BRDA:295,0,1,-
BRDA:299,0,0,-
BRDA:299,0,1,-
BRDA:300,0,0,-
BRDA:300,0,1,-
BRDA:307,0,0,-
BRDA:307,0,1,-
BRDA:310,0,0,-
BRDA:310,0,1,-
BRDA:326,0,0,-
BRDA:326,0,1,-
BRDA:332,0,0,-
BRDA:332,0,1,-
BRDA:336,0,0,-
BRDA:336,0,1,-
BRDA:337,0,0,-
BRDA:337,0,1,-
BRDA:337,0,2,-
BRDA:337,0,3,-
BRDA:339,0,0,-
BRDA:339,0,1,-
BRDA:344,0,0,-
BRDA:344,0,1,-
BRDA:348,0,0,-
BRDA:348,0,1,-
BRF:92
BRH:3
DA:19,0
DA:22,0
DA:23,0
DA:26,0
DA:29,0
DA:30,0
DA:31,0
DA:32,0
DA:35,0
DA:38,0
DA:39,0
DA:40,0
DA:41,0
DA:44,0
DA:46,0
DA:48,0
DA:49,0
DA:50,0
DA:51,0
DA:52,0
DA:55,0
DA:56,0
DA:58,0
DA:64,0
DA:65,0
DA:66,0
DA:67,0
DA:68,0
DA:69,0
DA:72,0
DA:73,0
DA:76,0
DA:82,0
DA:87,0
DA:88,0
DA:89,0
DA:90,0
DA:91,0
DA:96,0
DA:97,0
DA:98,0
DA:99,0
DA:100,0
DA:101,0
DA:104,0
DA:105,0
DA:108,0
DA:112,0
DA:113,0
DA:114,0
DA:115,0
DA:117,0
DA:119,0
DA:120,0
DA:121,0
DA:122,0
DA:123,0
DA:124,0
DA:125,0
DA:126,0
DA:127,0
DA:128,0
DA:129,0
DA:130,0
DA:131,0
DA:132,0
DA:133,0
DA:136,0
DA:137,0
DA:140,0
DA:141,0
DA:143,0
DA:146,0
DA:147,0
DA:148,0
DA:149,0
DA:152,0
DA:155,0
DA:156,0
DA:157,0
DA:160,0
DA:163,0
DA:164,0
DA:165,0
DA:168,0
DA:171,0
DA:172,0
DA:173,0
DA:174,0
DA:177,0
DA:180,0
DA:181,0
DA:182,0
DA:185,0
DA:188,0
DA:189,0
DA:190,0
DA:193,0
DA:195,0
DA:198,19
DA:200,19
DA:205,15
DA:207,15
DA:208,15
DA:209,15
DA:210,15
DA:212,15
DA:213,2
DA:214,2
DA:218,15
DA:221,15
DA:224,0
DA:232,0
DA:234,0
DA:236,0
DA:237,0
DA:238,0
DA:241,0
DA:242,0
DA:243,0
DA:244,0
DA:245,0
DA:246,0
DA:247,0
DA:248,0
DA:249,0
DA:252,0
DA:253,0
DA:254,0
DA:255,0
DA:258,0
DA:259,0
DA:260,0
DA:261,0
DA:263,0
DA:265,0
DA:270,0
DA:271,0
DA:277,0
DA:279,0
DA:280,0
DA:281,0
DA:283,0
DA:285,0
DA:287,0
DA:291,0
DA:292,0
DA:293,0
DA:294,0
DA:295,0
DA:299,0
DA:300,0
DA:301,0
DA:302,0
DA:303,0
DA:304,0
DA:306,0
DA:307,0
DA:308,0
DA:309,0
DA:310,0
DA:311,0
DA:313,0
DA:315,0
DA:318,0
DA:321,0
DA:322,0
DA:326,0
DA:327,0
DA:328,0
DA:329,0
DA:332,0
DA:333,0
DA:335,0
DA:336,0
DA:337,0
DA:339,0
DA:340,0
DA:341,0
DA:342,0
DA:344,0
DA:345,0
DA:346,0
DA:347,0
DA:348,0
DA:349,0
DA:350,0
DA:351,0
DA:352,0
DA:355,0
DA:358,0
DA:365,0
DA:366,0
DA:371,0
DA:373,0
LF:195
LH:12
end_of_record
TN:
SF:/Users/rpesic/Work/faks/verifikacija/2026_Analysis_neovim/neovim/src/mpack/mpack_core.c
FNL:0,37,42
FNA:0,0,mpack_tokbuf_init
FNL:1,44,108
FNA:1,0,mpack_read
FNL:2,110,169
FNA:2,0,mpack_write
FNL:3,171,249
FNA:3,51,mpack_rtoken
FNL:4,251,266
FNA:4,0,mpack_rpending
FNL:5,268,304
FNA:5,34,mpack_rvalue
FNL:6,306,327
FNA:6,8,mpack_rblob
FNL:7,329,356
FNA:7,0,mpack_wtoken
FNL:8,358,372
FNA:8,0,mpack_wpending
FNL:9,374,399
FNA:9,0,mpack_wpint
FNL:10,401,427
FNA:10,0,mpack_wnint
FNL:11,429,442
FNA:11,0,mpack_wfloat
FNL:12,444,458
FNA:12,0,mpack_wstr
FNL:13,460,472
FNA:13,0,mpack_wbin
FNL:14,474,501
FNA:14,0,mpack_wext
FNL:15,503,514
FNA:15,0,mpack_warray
FNL:16,516,527
FNA:16,0,mpack_wmap
FNL:17,529,533
FNA:17,0,mpack_w1
FNL:18,536,541
FNA:18,0,mpack_w2
FNL:19,544,551
FNA:19,0,mpack_w4
FNL:20,554,560
FNA:20,43,mpack_value
FNL:21,563,569
FNA:21,7,mpack_blob
FNL:22,572,577
FNA:22,43,mpack_byte
FNF:23
FNH:6
BRDA:50,0,0,-
BRDA:50,0,1,-
BRDA:51,0,0,-
BRDA:51,0,1,-
BRDA:55,0,0,-
BRDA:55,0,1,-
BRDA:60,0,0,-
BRDA:60,0,1,-
BRDA:69,0,0,-
BRDA:69,0,1,-
BRDA:70,0,0,-
BRDA:70,0,1,-
BRDA:82,0,0,-
BRDA:82,0,1,-
BRDA:83,0,0,-
BRDA:83,0,1,-
BRDA:85,0,0,-
BRDA:85,0,1,-
BRDA:90,0,0,-
BRDA:90,0,1,-
BRDA:93,0,0,-
BRDA:93,0,1,-
BRDA:102,0,0,-
BRDA:102,0,1,-
BRDA:116,0,0,-
BRDA:116,0,1,-
BRDA:117,0,0,-
BRDA:117,0,1,-
BRDA:117,0,2,-
BRDA:117,0,3,-
BRDA:119,0,0,-
BRDA:119,0,1,-
BRDA:121,0,0,-
BRDA:121,0,1,-
BRDA:124,0,0,-
BRDA:124,0,1,-
BRDA:129,0,0,-
BRDA:129,0,1,-
BRDA:130,0,0,-
BRDA:130,0,1,-
BRDA:138,0,0,-
BRDA:138,0,1,-
BRDA:140,0,0,-
BRDA:140,0,1,-
BRDA:148,0,0,-
BRDA:148,0,1,-
BRDA:150,0,0,-
BRDA:150,0,1,-
BRDA:152,0,0,-
BRDA:152,0,1,-
BRDA:156,0,0,-
BRDA:156,0,1,-
BRDA:157,0,0,-
BRDA:157,0,1,-
BRDA:173,0,0,1
BRDA:173,0,1,0
BRDA:177,0,0,1
BRDA:177,0,1,1
BRDA:180,0,0,0
BRDA:180,0,1,1
BRDA:183,0,0,0
BRDA:183,0,1,1
BRDA:186,0,0,1
BRDA:186,0,1,1
BRDA:189,0,0,1
BRDA:189,0,1,1
BRDA:190,0,0,0
BRDA:190,0,1,1
BRDA:190,0,2,1
BRDA:190,0,3,0
BRDA:190,0,4,0
BRDA:190,0,5,1
BRDA:190,0,6,0
BRDA:190,0,7,0
BRDA:190,0,8,0
BRDA:190,0,9,0
BRDA:190,0,10,0
BRDA:190,0,11,0
BRDA:190,0,12,0
BRDA:223,0,0,-
BRDA:223,0,1,-
BRDA:255,0,0,-
BRDA:255,0,1,-
BRDA:256,0,0,-
BRDA:256,0,1,-
BRDA:259,0,0,-
BRDA:259,0,1,-
BRDA:271,0,0,1
BRDA:271,0,1,1
BRDA:278,0,0,1
BRDA:278,0,1,1
BRDA:283,0,0,1
BRDA:283,0,1,1
BRDA:291,0,0,1
BRDA:291,0,1,1
BRDA:294,0,0,1
BRDA:294,0,1,1
BRDA:294,0,2,1
BRDA:294,0,3,0
BRDA:295,0,0,1
BRDA:295,0,1,1
BRDA:296,0,0,1
BRDA:296,0,1,1
BRDA:297,0,0,0
BRDA:297,0,1,1
BRDA:298,0,0,1
BRDA:298,0,1,0
BRDA:312,0,0,0
BRDA:312,0,1,1
BRDA:322,0,0,1
BRDA:322,0,1,0
BRDA:332,0,0,-
BRDA:332,0,1,-
BRDA:332,0,2,-
BRDA:332,0,3,-
BRDA:332,0,4,-
BRDA:332,0,5,-
BRDA:332,0,6,-
BRDA:332,0,7,-
BRDA:332,0,8,-
BRDA:332,0,9,-
BRDA:332,0,10,-
BRDA:361,0,0,-
BRDA:361,0,1,-
BRDA:362,0,0,-
BRDA:362,0,1,-
BRDA:367,0,0,-
BRDA:367,0,1,-
BRDA:379,0,0,-
BRDA:379,0,1,-
BRDA:381,0,0,-
BRDA:381,0,1,-
BRDA:382,0,0,-
BRDA:382,0,1,-
BRDA:384,0,0,-
BRDA:384,0,1,-
BRDA:386,0,0,-
BRDA:386,0,1,-
BRDA:388,0,0,-
BRDA:388,0,1,-
BRDA:390,0,0,-
BRDA:390,0,1,-
BRDA:392,0,0,-
BRDA:392,0,1,-
BRDA:394,0,0,-
BRDA:394,0,1,-
BRDA:406,0,0,-
BRDA:406,0,1,-
BRDA:408,0,0,-
BRDA:408,0,1,-
BRDA:409,0,0,-
BRDA:409,0,1,-
BRDA:411,0,0,-
BRDA:411,0,1,-
BRDA:413,0,0,-
BRDA:413,0,1,-
BRDA:415,0,0,-
BRDA:415,0,1,-
BRDA:417,0,0,-
BRDA:417,0,1,-
BRDA:419,0,0,-
BRDA:419,0,1,-
BRDA:421,0,0,-
BRDA:421,0,1,-
BRDA:432,0,0,-
BRDA:432,0,1,-
BRDA:433,0,0,-
BRDA:433,0,1,-
BRDA:435,0,0,-
BRDA:435,0,1,-
BRDA:436,0,0,-
BRDA:436,0,1,-
BRDA:437,0,0,-
BRDA:437,0,1,-
BRDA:446,0,0,-
BRDA:446,0,1,-
BRDA:448,0,0,-
BRDA:448,0,1,-
BRDA:449,0,0,-
BRDA:449,0,1,-
BRDA:451,0,0,-
BRDA:451,0,1,-
BRDA:452,0,0,-
BRDA:452,0,1,-
BRDA:455,0,0,-
BRDA:455,0,1,-
BRDA:462,0,0,-
BRDA:462,0,1,-
BRDA:463,0,0,-
BRDA:463,0,1,-
BRDA:465,0,0,-
BRDA:465,0,1,-
BRDA:466,0,0,-
BRDA:466,0,1,-
BRDA:469,0,0,-
BRDA:469,0,1,-
BRDA:478,0,0,-
BRDA:478,0,1,-
BRDA:478,0,2,-
BRDA:478,0,3,-
BRDA:480,0,0,-
BRDA:480,0,1,-
BRDA:480,0,2,-
BRDA:480,0,3,-
BRDA:480,0,4,-
BRDA:480,0,5,-
BRDA:487,0,0,-
BRDA:487,0,1,-
BRDA:488,0,0,-
BRDA:488,0,1,-
BRDA:489,0,0,-
BRDA:489,0,1,-
BRDA:491,0,0,-
BRDA:491,0,1,-
BRDA:492,0,0,-
BRDA:492,0,1,-
BRDA:493,0,0,-
BRDA:493,0,1,-
BRDA:496,0,0,-
BRDA:496,0,1,-
BRDA:497,0,0,-
BRDA:497,0,1,-
BRDA:505,0,0,-
BRDA:505,0,1,-
BRDA:507,0,0,-
BRDA:507,0,1,-
BRDA:508,0,0,-
BRDA:508,0,1,-
BRDA:511,0,0,-
BRDA:511,0,1,-
BRDA:518,0,0,-
BRDA:518,0,1,-
BRDA:520,0,0,-
BRDA:520,0,1,-
BRDA:521,0,0,-
BRDA:521,0,1,-
BRDA:524,0,0,-
BRDA:524,0,1,-
BRF:238
BRH:31
DA:37,0
DA:39,0
DA:40,0
DA:41,0
DA:42,0
DA:44,0
DA:50,0
DA:51,0
DA:52,0
DA:55,0
DA:58,0
DA:59,0
DA:60,0
DA:61,0
DA:62,0
DA:63,0
DA:64,0
DA:67,0
DA:69,0
DA:70,0
DA:71,0
DA:73,0
DA:74,0
DA:75,0
DA:76,0
DA:77,0
DA:80,0
DA:82,0
DA:83,0
DA:85,0
DA:89,0
DA:90,0
DA:91,0
DA:92,0
DA:93,0
DA:94,0
DA:97,0
DA:98,0
DA:99,0
DA:100,0
DA:102,0
DA:103,0
DA:104,0
DA:107,0
DA:108,0
DA:110,0
DA:116,0
DA:117,0
DA:119,0
DA:121,0
DA:122,0
DA:123,0
DA:124,0
DA:125,0
DA:126,0
DA:127,0
DA:128,0
DA:129,0
DA:130,0
DA:131,0
DA:133,0
DA:134,0
DA:138,0
DA:140,0
DA:141,0
DA:142,0
DA:143,0
DA:144,0
DA:145,0
DA:148,0
DA:150,0
DA:151,0
DA:152,0
DA:153,0
DA:154,0
DA:155,0
DA:156,0
DA:157,0
DA:158,0
DA:159,0
DA:160,0
DA:161,0
DA:163,0
DA:164,0
DA:165,0
DA:168,0
DA:169,0
DA:171,51
DA:173,51
DA:174,0
DA:176,51
DA:177,51
DA:179,6
DA:180,45
DA:182,0
DA:183,45
DA:185,0
DA:186,45
DA:188,7
DA:189,38
DA:190,34
DA:192,0
DA:194,0
DA:196,0
DA:200,0
DA:204,0
DA:207,0
DA:212,15
DA:217,11
DA:223,0
DA:225,0
DA:226,0
DA:228,0
DA:229,0
DA:230,0
DA:231,0
DA:235,8
DA:238,0
DA:241,0
DA:243,0
DA:247,4
DA:249,51
DA:251,0
DA:255,0
DA:256,0
DA:257,0
DA:258,0
DA:259,0
DA:261,0
DA:262,0
DA:263,0
DA:265,0
DA:266,0
DA:268,34
DA:271,34
DA:272,1
DA:273,1
DA:276,33
DA:278,142
DA:279,109
DA:280,109
DA:281,109
DA:282,109
DA:283,109
DA:286,7
DA:287,7
DA:288,7
DA:291,33
DA:292,11
DA:293,11
DA:294,20
DA:295,9
DA:296,14
DA:297,3
DA:298,11
DA:299,0
DA:300,0
DA:301,11
DA:303,33
DA:304,34
DA:306,8
DA:310,8
DA:312,8
DA:313,0
DA:314,0
DA:317,8
DA:318,8
DA:319,8
DA:320,8
DA:322,8
DA:323,0
DA:324,0
DA:326,8
DA:327,8
DA:329,0
DA:332,0
DA:334,0
DA:336,0
DA:338,0
DA:340,0
DA:342,0
DA:344,0
DA:346,0
DA:348,0
DA:350,0
DA:352,0
DA:354,0
DA:356,0
DA:358,0
DA:361,0
DA:362,0
DA:363,0
DA:364,0
DA:365,0
DA:366,0
DA:367,0
DA:368,0
DA:369,0
DA:371,0
DA:372,0
DA:374,0
DA:376,0
DA:377,0
DA:379,0
DA:381,0
DA:382,0
DA:383,0
DA:384,0
DA:386,0
DA:387,0
DA:388,0
DA:390,0
DA:391,0
DA:392,0
DA:394,0
DA:395,0
DA:397,0
DA:399,0
DA:401,0
DA:403,0
DA:404,0
DA:406,0
DA:408,0
DA:409,0
DA:410,0
DA:411,0
DA:413,0
DA:414,0
DA:415,0
DA:417,0
DA:418,0
DA:419,0
DA:421,0
DA:422,0
DA:425,0
DA:427,0
DA:429,0
DA:432,0
DA:433,0
DA:434,0
DA:435,0
DA:436,0
DA:437,0
DA:438,0
DA:440,0
DA:442,0
DA:444,0
DA:446,0
DA:447,0
DA:448,0
DA:449,0
DA:450,0
DA:451,0
DA:452,0
DA:453,0
DA:455,0
DA:456,0
DA:458,0
DA:460,0
DA:462,0
DA:463,0
DA:464,0
DA:465,0
DA:466,0
DA:467,0
DA:469,0
DA:470,0
DA:472,0
DA:474,0
DA:478,0
DA:479,0
DA:480,0
DA:481,0
DA:482,0
DA:483,0
DA:484,0
DA:485,0
DA:487,0
DA:488,0
DA:489,0
DA:490,0
DA:491,0
DA:492,0
DA:493,0
DA:494,0
DA:496,0
DA:497,0
DA:498,0
DA:501,0
DA:503,0
DA:505,0
DA:506,0
DA:507,0
DA:508,0
DA:509,0
DA:511,0
DA:512,0
DA:514,0
DA:516,0
DA:518,0
DA:519,0
DA:520,0
DA:521,0
DA:522,0
DA:524,0
DA:525,0
DA:527,0
DA:529,0
DA:531,0
DA:532,0
DA:533,0
DA:536,0
DA:538,0
DA:539,0
DA:540,0
DA:541,0
DA:544,0
DA:546,0
DA:547,0
DA:548,0
DA:549,0
DA:550,0
DA:551,0
DA:554,43
DA:557,43
DA:558,43
DA:559,43
DA:560,43
DA:563,7
DA:566,7
DA:567,7
DA:568,7
DA:569,7
DA:572,43
DA:575,43
DA:576,43
DA:577,43
LF:337
LH:65
end_of_record
TN:
SF:/Users/rpesic/Work/faks/verifikacija/2026_Analysis_neovim/neovim/src/mpack/object.c
FNL:0,9,20
FNA:0,0,mpack_parser_init
FNL:1,52,57
FNA:1,0,mpack_parse_tok
FNL:2,59,64
FNA:2,0,mpack_unparse_tok
FNL:3,66,96
FNA:3,0,mpack_parse
FNL:4,98,126
FNA:4,0,mpack_unparse
FNL:5,128,144
FNA:5,0,mpack_parser_copy
FNL:6,146,148
FNA:6,0,mpack_parser_full
FNL:7,151,163
FNA:7,0,mpack_parser_push
FNL:8,166,199
FNA:8,0,mpack_parser_pop
FNF:9
FNH:0
BRDA:14,0,0,-
BRDA:14,0,1,-
BRDA:55,0,0,-
BRDA:55,0,1,-
BRDA:56,0,0,-
BRDA:56,0,1,-
BRDA:56,0,2,-
BRDA:56,0,3,-
BRDA:56,0,4,-
BRDA:56,0,5,-
BRDA:56,0,6,-
BRDA:56,0,7,-
BRDA:56,0,8,-
BRDA:56,0,9,-
BRDA:56,0,10,-
BRDA:56,0,11,-
BRDA:62,0,0,-
BRDA:62,0,1,-
BRDA:63,0,0,-
BRDA:63,0,1,-
BRDA:63,0,2,-
BRDA:63,0,3,-
BRDA:63,0,4,-
BRDA:63,0,5,-
BRDA:63,0,6,-
BRDA:63,0,7,-
BRDA:63,0,8,-
BRDA:63,0,9,-
BRDA:63,0,10,-
BRDA:63,0,11,-
BRDA:70,0,0,-
BRDA:70,0,1,-
BRDA:72,0,0,-
BRDA:72,0,1,-
BRDA:72,0,2,-
BRDA:72,0,3,-
BRDA:78,0,0,-
BRDA:78,0,1,-
BRDA:79,0,0,-
BRDA:79,0,1,-
BRDA:83,0,0,-
BRDA:83,0,1,-
BRDA:84,0,0,-
BRDA:84,0,1,-
BRDA:86,0,0,-
BRDA:86,0,1,-
BRDA:102,0,0,-
BRDA:102,0,1,-
BRDA:104,0,0,-
BRDA:104,0,1,-
BRDA:104,0,2,-
BRDA:104,0,3,-
BRDA:109,0,0,-
BRDA:109,0,1,-
BRDA:112,0,0,-
BRDA:112,0,1,-
BRDA:116,0,0,-
BRDA:116,0,1,-
BRDA:119,0,0,-
BRDA:119,0,1,-
BRDA:121,0,0,-
BRDA:121,0,1,-
BRDA:135,0,0,-
BRDA:135,0,1,-
BRDA:141,0,0,-
BRDA:141,0,1,-
BRDA:155,0,0,-
BRDA:155,0,1,-
BRDA:170,0,0,-
BRDA:170,0,1,-
BRDA:173,0,0,-
BRDA:173,0,1,-
BRDA:173,0,2,-
BRDA:173,0,3,-
BRDA:178,0,0,-
BRDA:178,0,1,-
BRDA:179,0,0,-
BRDA:179,0,1,-
BRDA:182,0,0,-
BRDA:182,0,1,-
BRDA:184,0,0,-
BRDA:184,0,1,-
BRDA:188,0,0,-
BRDA:188,0,1,-
BRF:84
BRH:0
DA:9,0
DA:12,0
DA:13,0
DA:14,0
DA:15,0
DA:16,0
DA:17,0
DA:18,0
DA:19,0
DA:20,0
DA:52,0
DA:55,0
DA:56,0
DA:57,0
DA:59,0
DA:62,0
DA:63,0
DA:64,0
DA:66,0
DA:69,0
DA:70,0
DA:72,0
DA:74,0
DA:75,0
DA:76,0
DA:78,0
DA:79,0
DA:81,0
DA:82,0
DA:83,0
DA:84,0
DA:86,0
DA:90,0
DA:91,0
DA:92,0
DA:95,0
DA:96,0
DA:98,0
DA:101,0
DA:102,0
DA:104,0
DA:107,0
DA:109,0
DA:110,0
DA:112,0
DA:114,0
DA:116,0
DA:117,0
DA:119,0
DA:120,0
DA:121,0
DA:122,0
DA:125,0
DA:126,0
DA:128,0
DA:131,0
DA:132,0
DA:134,0
DA:135,0
DA:137,0
DA:139,0
DA:141,0
DA:142,0
DA:143,0
DA:144,0
DA:146,0
DA:148,0
DA:151,0
DA:153,0
DA:155,0
DA:156,0
DA:157,0
DA:158,0
DA:159,0
DA:160,0
DA:162,0
DA:163,0
DA:166,0
DA:168,0
DA:170,0
DA:171,0
DA:173,0
DA:175,0
DA:178,0
DA:179,0
DA:182,0
DA:183,0
DA:184,0
DA:188,0
DA:189,0
DA:190,0
DA:191,0
DA:192,0
DA:193,0
DA:195,0
DA:197,0
DA:198,0
DA:199,0
LF:98
LH:0
end_of_record
TN:
SF:/Users/rpesic/Work/faks/verifikacija/2026_Analysis_neovim/neovim/src/nvim/msgpack_rpc/packer.c
FNL:0,18,23
FNA:0,10,mpack_check_buffer
FNL:1,25,35
FNA:1,6,mpack_w8
FNL:2,37,45
FNA:2,13,mpack_uint64
FNL:3,47,68
FNA:3,23,mpack_integer
FNL:4,70,74
FNA:4,0,mpack_float8
FNL:5,76,95
FNA:5,10,mpack_str
FNL:6,97,114
FNA:6,0,mpack_bin
FNL:7,116,131
FNA:7,10,mpack_raw
FNL:8,133,152
FNA:8,0,mpack_ext
FNL:9,154,176
FNA:9,0,mpack_handle
FNL:10,178,181
FNA:10,0,mpack_object
FNL:11,183,190
FNA:11,0,mpack_object_array
FNL:12,197,291
FNA:12,0,mpack_object_inner
FNL:13,293,300
FNA:13,0,packer_string_buffer
FNL:14,305,314
FNA:14,0,flush_string_buffer
FNL:15,317,319
FNA:15,0,packer_take_string
FNF:16
FNH:6
BRDA:20,0,0,1
BRDA:20,0,1,0
BRDA:31,0,0,1
BRDA:31,0,1,1
BRDA:39,0,0,1
BRDA:39,0,1,1
BRDA:49,0,0,1
BRDA:49,0,1,1
BRDA:52,0,0,1
BRDA:52,0,1,1
BRDA:55,0,0,1
BRDA:55,0,1,1
BRDA:58,0,0,1
BRDA:58,0,1,1
BRDA:61,0,0,1
BRDA:61,0,1,1
BRDA:79,0,0,1
BRDA:79,0,1,1
BRDA:81,0,0,1
BRDA:81,0,1,1
BRDA:84,0,0,1
BRDA:84,0,1,0
BRDA:87,0,0,-
BRDA:87,0,1,-
BRDA:100,0,0,-
BRDA:100,0,1,-
BRDA:103,0,0,-
BRDA:103,0,1,-
BRDA:106,0,0,-
BRDA:106,0,1,-
BRDA:119,0,0,1
BRDA:119,0,1,1
BRDA:121,0,0,1
BRDA:121,0,1,0
BRDA:126,0,0,1
BRDA:126,0,1,0
BRDA:135,0,0,-
BRDA:135,0,1,-
BRDA:137,0,0,-
BRDA:137,0,1,-
BRDA:139,0,0,-
BRDA:139,0,1,-
BRDA:141,0,0,-
BRDA:141,0,1,-
BRDA:144,0,0,-
BRDA:144,0,1,-
BRDA:157,0,0,-
BRDA:157,0,1,-
BRDA:157,0,2,-
BRDA:157,0,3,-
BRDA:163,0,0,-
BRDA:163,0,1,-
BRDA:186,0,0,-
BRDA:186,0,1,-
BRDA:188,0,0,-
BRDA:188,0,1,-
BRDA:208,0,0,-
BRDA:208,0,1,-
BRDA:208,0,2,-
BRDA:208,0,3,-
BRDA:208,0,4,-
BRDA:208,0,5,-
BRDA:208,0,6,-
BRDA:208,0,7,-
BRDA:208,0,8,-
BRDA:239,0,0,-
BRDA:239,0,1,-
BRDA:246,0,0,-
BRDA:246,0,1,-
BRDA:247,0,0,-
BRDA:247,0,1,-
BRDA:247,0,2,-
BRDA:247,0,3,-
BRDA:251,0,0,-
BRDA:251,0,1,-
BRDA:252,0,0,-
BRDA:252,0,1,-
BRDA:252,0,2,-
BRDA:252,0,3,-
BRDA:252,0,4,-
BRDA:252,0,5,-
BRDA:252,0,6,-
BRDA:252,0,7,-
BRDA:252,0,8,-
BRDA:252,0,9,-
BRDA:263,0,0,-
BRDA:263,0,1,-
BRDA:264,0,0,-
BRDA:264,0,1,-
BRDA:273,0,0,-
BRDA:273,0,1,-
BRDA:276,0,0,-
BRDA:276,0,1,-
BRDA:285,0,0,-
BRDA:285,0,1,-
BRDA:290,0,0,-
BRDA:290,0,1,-
BRF:97
BRH:24
DA:18,10
DA:20,10
DA:21,0
DA:22,0
DA:23,10
DA:25,6
DA:31,54
DA:32,48
DA:33,48
DA:35,6
DA:37,13
DA:39,13
DA:40,4
DA:41,4
DA:42,4
DA:43,9
DA:45,13
DA:47,23
DA:49,23
DA:50,13
DA:51,13
DA:52,10
DA:53,2
DA:54,2
DA:55,10
DA:56,2
DA:57,2
DA:58,8
DA:59,2
DA:60,2
DA:61,6
DA:62,2
DA:63,2
DA:64,2
DA:65,2
DA:68,23
DA:70,0
DA:72,0
DA:73,0
DA:74,0
DA:76,10
DA:78,10
DA:79,10
DA:80,4
DA:81,10
DA:82,3
DA:83,3
DA:84,6
DA:85,3
DA:86,3
DA:87,3
DA:88,0
DA:89,0
DA:90,0
DA:91,0
DA:94,10
DA:95,10
DA:97,0
DA:99,0
DA:100,0
DA:101,0
DA:102,0
DA:103,0
DA:104,0
DA:105,0
DA:106,0
DA:107,0
DA:108,0
DA:109,0
DA:110,0
DA:113,0
DA:114,0
DA:116,10
DA:118,10
DA:119,19
DA:120,9
DA:121,9
DA:122,9
DA:123,9
DA:124,9
DA:126,9
DA:127,0
DA:128,0
DA:130,10
DA:131,10
DA:133,0
DA:135,0
DA:136,0
DA:137,0
DA:138,0
DA:139,0
DA:140,0
DA:141,0
DA:142,0
DA:143,0
DA:144,0
DA:145,0
DA:146,0
DA:147,0
DA:148,0
DA:150,0
DA:151,0
DA:152,0
DA:154,0
DA:156,0
DA:157,0
DA:158,0
DA:159,0
DA:160,0
DA:161,0
DA:163,0
DA:167,0
DA:168,0
DA:169,0
DA:170,0
DA:171,0
DA:172,0
DA:173,0
DA:174,0
DA:176,0
DA:178,0
DA:180,0
DA:181,0
DA:183,0
DA:185,0
DA:186,0
DA:187,0
DA:188,0
DA:189,0
DA:190,0
DA:197,0
DA:203,0
DA:204,0
DA:206,0
DA:207,0
DA:208,0
DA:213,0
DA:214,0
DA:215,0
DA:217,0
DA:218,0
DA:220,0
DA:221,0
DA:223,0
DA:224,0
DA:226,0
DA:227,0
DA:229,0
DA:230,0
DA:234,0
DA:235,0
DA:239,0
DA:240,0
DA:241,0
DA:242,0
DA:243,0
DA:244,0
DA:246,0
DA:247,0
DA:248,0
DA:249,0
DA:251,0
DA:252,0
DA:256,0
DA:257,0
DA:258,0
DA:259,0
DA:260,0
DA:263,0
DA:264,0
DA:265,0
DA:266,0
DA:267,0
DA:268,0
DA:269,0
DA:271,0
DA:273,0
DA:274,0
DA:275,0
DA:276,0
DA:277,0
DA:278,0
DA:279,0
DA:280,0
DA:281,0
DA:282,0
DA:283,0
DA:284,0
DA:285,0
DA:286,0
DA:287,0
DA:290,0
DA:291,0
DA:293,0
DA:295,0
DA:296,0
DA:297,0
DA:298,0
DA:299,0
DA:300,0
DA:305,0
DA:307,0
DA:308,0
DA:309,0
DA:311,0
DA:312,0
DA:313,0
DA:314,0
DA:317,0
DA:319,0
LF:210
LH:58
end_of_record
TN:
SF:/Users/rpesic/Work/faks/verifikacija/2026_Analysis_neovim/neovim/src/nvim/msgpack_rpc/unpacker.c
FNL:0,20,42
FNA:0,0,unpack
FNL:1,45,176
FNA:1,0,api_parse_enter
FNL:2,178,180
FNA:2,0,api_parse_exit
FNL:3,182,192
FNA:3,0,unpacker_init
FNL:4,194,197
FNA:4,0,unpacker_teardown
FNL:5,199,275
FNA:5,0,unpacker_parse_header
FNL:6,306,377
FNA:6,0,unpacker_advance
FNL:7,379,525
FNA:7,0,unpacker_parse_redraw
FNL:8,534,552
FNA:8,14,unpack_string
FNL:9,555,564
FNA:9,1,unpack_array
FNL:10,567,575
FNA:10,36,unpack_integer
FNL:11,577,587
FNA:11,35,unpack_uint_or_sint
FNL:12,589,591
FNA:12,0,parse_nop
FNL:13,593,598
FNA:13,0,unpack_skip
FNL:14,601,611
FNA:14,0,push_additional_data
FNL:15,614,719
FNA:15,0,unpack_keydict
FNF:16
FNH:4
BRDA:32,0,0,-
BRDA:32,0,1,-
BRDA:34,0,0,-
BRDA:34,0,1,-
BRDA:36,0,0,-
BRDA:36,0,1,-
BRDA:38,0,0,-
BRDA:38,0,1,-
BRDA:38,0,2,-
BRDA:38,0,3,-
BRDA:51,0,0,-
BRDA:51,0,1,-
BRDA:52,0,0,-
BRDA:52,0,1,-
BRDA:53,0,0,-
BRDA:53,0,1,-
BRDA:53,0,2,-
BRDA:53,0,3,-
BRDA:62,0,0,-
BRDA:62,0,1,-
BRDA:75,0,0,-
BRDA:75,0,1,-
BRDA:85,0,0,-
BRDA:85,0,1,-
BRDA:85,0,2,-
BRDA:85,0,3,-
BRDA:85,0,4,-
BRDA:85,0,5,-
BRDA:85,0,6,-
BRDA:85,0,7,-
BRDA:85,0,8,-
BRDA:85,0,9,-
BRDA:85,0,10,-
BRDA:107,0,0,-
BRDA:107,0,1,-
BRDA:120,0,0,-
BRDA:120,0,1,-
BRDA:121,0,0,-
BRDA:121,0,1,-
BRDA:121,0,2,-
BRDA:121,0,3,-
BRDA:129,0,0,-
BRDA:129,0,1,-
BRDA:135,0,0,-
BRDA:135,0,1,-
BRDA:142,0,0,-
BRDA:142,0,1,-
BRDA:142,0,2,-
BRDA:142,0,3,-
BRDA:149,0,0,-
BRDA:149,0,1,-
BRDA:149,0,2,-
BRDA:149,0,3,-
BRDA:207,0,0,-
BRDA:207,0,1,-
BRDA:214,0,0,-
BRDA:214,0,1,-
BRDA:215,0,0,-
BRDA:215,0,1,-
BRDA:215,0,2,-
BRDA:215,0,3,-
BRDA:215,0,4,-
BRDA:215,0,5,-
BRDA:220,0,0,-
BRDA:220,0,1,-
BRDA:221,0,0,-
BRDA:221,0,1,-
BRDA:225,0,0,-
BRDA:225,0,1,-
BRDA:225,0,2,-
BRDA:225,0,3,-
BRDA:231,0,0,-
BRDA:231,0,1,-
BRDA:232,0,0,-
BRDA:232,0,1,-
BRDA:233,0,0,-
BRDA:233,0,1,-
BRDA:239,0,0,-
BRDA:239,0,1,-
BRDA:240,0,0,-
BRDA:240,0,1,-
BRDA:241,0,0,-
BRDA:241,0,1,-
BRDA:242,0,0,-
BRDA:242,0,1,-
BRDA:247,0,0,-
BRDA:247,0,1,-
BRDA:248,0,0,-
BRDA:248,0,1,-
BRDA:249,0,0,-
BRDA:249,0,1,-
BRDA:251,0,0,-
BRDA:251,0,1,-
BRDA:256,0,0,-
BRDA:256,0,1,-
BRDA:266,0,0,-
BRDA:266,0,1,-
BRDA:308,0,0,-
BRDA:308,0,1,-
BRDA:310,0,0,-
BRDA:310,0,1,-
BRDA:311,0,0,-
BRDA:311,0,1,-
BRDA:314,0,0,-
BRDA:314,0,1,-
BRDA:314,0,2,-
BRDA:314,0,3,-
BRDA:323,0,0,-
BRDA:323,0,1,-
BRDA:323,0,2,-
BRDA:323,0,3,-
BRDA:324,0,0,-
BRDA:324,0,1,-
BRDA:328,0,0,-
BRDA:328,0,1,-
BRDA:333,0,0,-
BRDA:333,0,1,-
BRDA:346,0,0,-
BRDA:346,0,1,-
BRDA:348,0,0,-
BRDA:348,0,1,-
BRDA:355,0,0,-
BRDA:355,0,1,-
BRDA:355,0,2,-
BRDA:355,0,3,-
BRDA:366,0,0,-
BRDA:366,0,1,-
BRDA:368,0,0,-
BRDA:368,0,1,-
BRDA:399,0,0,-
BRDA:399,0,1,-
BRDA:399,0,2,-
BRDA:399,0,3,-
BRDA:399,0,4,-
BRDA:399,0,5,-
BRDA:399,0,6,-
BRDA:401,0,0,-
BRDA:401,0,1,-
BRDA:401,0,2,-
BRDA:401,0,3,-
BRDA:401,0,4,-
BRDA:401,0,5,-
BRDA:406,0,0,-
BRDA:406,0,1,-
BRDA:406,0,2,-
BRDA:406,0,3,-
BRDA:406,0,4,-
BRDA:406,0,5,-
BRDA:409,0,0,-
BRDA:409,0,1,-
BRDA:414,0,0,-
BRDA:414,0,1,-
BRDA:414,0,2,-
BRDA:414,0,3,-
BRDA:414,0,4,-
BRDA:414,0,5,-
BRDA:414,0,6,-
BRDA:414,0,7,-
BRDA:415,0,0,-
BRDA:415,0,1,-
BRDA:426,0,0,-
BRDA:426,0,1,-
BRDA:436,0,0,-
BRDA:436,0,1,-
BRDA:436,0,2,-
BRDA:436,0,3,-
BRDA:436,0,4,-
BRDA:436,0,5,-
BRDA:438,0,0,-
BRDA:438,0,1,-
BRDA:443,0,0,-
BRDA:443,0,1,-
BRDA:444,0,0,-
BRDA:444,0,1,-
BRDA:444,0,2,-
BRDA:444,0,3,-
BRDA:444,0,4,-
BRDA:444,0,5,-
BRDA:448,0,0,-
BRDA:448,0,1,-
BRDA:448,0,2,-
BRDA:448,0,3,-
BRDA:448,0,4,-
BRDA:448,0,5,-
BRDA:460,0,0,-
BRDA:460,0,1,-
BRDA:461,0,0,-
BRDA:461,0,1,-
BRDA:463,0,0,-
BRDA:463,0,1,-
BRDA:463,0,2,-
BRDA:463,0,3,-
BRDA:463,0,4,-
BRDA:463,0,5,-
BRDA:465,0,0,-
BRDA:465,0,1,-
BRDA:465,0,2,-
BRDA:465,0,3,-
BRDA:470,0,0,-
BRDA:470,0,1,-
BRDA:470,0,2,-
BRDA:470,0,3,-
BRDA:470,0,4,-
BRDA:470,0,5,-
BRDA:470,0,6,-
BRDA:470,0,7,-
BRDA:471,0,0,-
BRDA:471,0,1,-
BRDA:480,0,0,-
BRDA:480,0,1,-
BRDA:481,0,0,-
BRDA:481,0,1,-
BRDA:481,0,2,-
BRDA:481,0,3,-
BRDA:481,0,4,-
BRDA:481,0,5,-
BRDA:481,0,6,-
BRDA:481,0,7,-
BRDA:486,0,0,-
BRDA:486,0,1,-
BRDA:487,0,0,-
BRDA:487,0,1,-
BRDA:487,0,2,-
BRDA:487,0,3,-
BRDA:487,0,4,-
BRDA:487,0,5,-
BRDA:492,0,0,-
BRDA:492,0,1,-
BRDA:492,0,2,-
BRDA:492,0,3,-
BRDA:492,0,4,-
BRDA:492,0,5,-
BRDA:492,0,6,-
BRDA:492,0,7,-
BRDA:496,0,0,-
BRDA:496,0,1,-
BRDA:497,0,0,-
BRDA:497,0,1,-
BRDA:513,0,0,-
BRDA:513,0,1,-
BRDA:513,0,2,-
BRDA:513,0,3,-
BRDA:513,0,4,-
BRDA:513,0,5,-
BRDA:542,0,0,1
BRDA:542,0,1,0
BRDA:542,0,2,0
BRDA:542,0,3,1
BRDA:542,0,4,-
BRDA:542,0,5,-
BRDA:545,0,0,1
BRDA:545,0,1,1
BRDA:560,0,0,1
BRDA:560,0,1,0
BRDA:560,0,2,1
BRDA:560,0,3,0
BRDA:571,0,0,1
BRDA:571,0,1,1
BRDA:579,0,0,1
BRDA:579,0,1,1
BRDA:582,0,0,1
BRDA:582,0,1,1
BRDA:603,0,0,-
BRDA:603,0,1,-
BRDA:605,0,0,-
BRDA:605,0,1,-
BRDA:605,0,2,-
BRDA:605,0,3,-
BRDA:610,0,0,-
BRDA:610,0,1,-
BRDA:610,0,2,-
BRDA:610,0,3,-
BRDA:610,0,4,-
BRDA:610,0,5,-
BRDA:621,0,0,-
BRDA:621,0,1,-
BRDA:621,0,2,-
BRDA:621,0,3,-
BRDA:628,0,0,-
BRDA:628,0,1,-
BRDA:632,0,0,-
BRDA:632,0,1,-
BRDA:635,0,0,-
BRDA:635,0,1,-
BRDA:641,0,0,-
BRDA:641,0,1,-
BRDA:643,0,0,-
BRDA:643,0,1,-
BRDA:647,0,0,-
BRDA:647,0,1,-
BRDA:653,0,0,-
BRDA:653,0,1,-
BRDA:655,0,0,-
BRDA:655,0,1,-
BRDA:662,0,0,-
BRDA:662,0,1,-
BRDA:662,0,2,-
BRDA:662,0,3,-
BRDA:662,0,4,-
BRDA:664,0,0,-
BRDA:664,0,1,-
BRDA:664,0,2,-
BRDA:664,0,3,-
BRDA:674,0,0,-
BRDA:674,0,1,-
BRDA:683,0,0,-
BRDA:683,0,1,-
BRDA:694,0,0,-
BRDA:694,0,1,-
BRDA:700,0,0,-
BRDA:700,0,1,-
BRDA:701,0,0,-
BRDA:701,0,1,-
BRDA:703,0,0,-
BRDA:703,0,1,-
BRDA:708,0,0,-
BRDA:708,0,1,-
BRDA:708,0,2,-
BRDA:708,0,3,-
BRF:319
BRH:12
DA:20,0
DA:23,0
DA:24,0
DA:25,0
DA:27,0
DA:30,0
DA:32,0
DA:33,0
DA:34,0
DA:35,0
DA:36,0
DA:37,0
DA:38,0
DA:39,0
DA:40,0
DA:42,0
DA:45,0
DA:47,0
DA:48,0
DA:49,0
DA:51,0
DA:52,0
DA:53,0
DA:55,0
DA:56,0
DA:57,0
DA:60,0
DA:61,0
DA:62,0
DA:65,0
DA:66,0
DA:67,0
DA:68,0
DA:69,0
DA:75,0
DA:76,0
DA:79,0
DA:81,0
DA:82,0
DA:85,0
DA:87,0
DA:88,0
DA:90,0
DA:91,0
DA:93,0
DA:94,0
DA:96,0
DA:97,0
DA:99,0
DA:100,0
DA:104,0
DA:105,0
DA:106,0
DA:107,0
DA:108,0
DA:109,0
DA:110,0
DA:112,0
DA:113,0
DA:117,0
DA:118,0
DA:120,0
DA:121,0
DA:122,0
DA:123,0
DA:125,0
DA:126,0
DA:128,0
DA:129,0
DA:130,0
DA:131,0
DA:133,0
DA:135,0
DA:136,0
DA:138,0
DA:139,0
DA:141,0
DA:142,0
DA:145,0
DA:146,0
DA:148,0
DA:149,0
DA:150,0
DA:151,0
DA:152,0
DA:153,0
DA:154,0
DA:157,0
DA:160,0
DA:161,0
DA:162,0
DA:163,0
DA:164,0
DA:165,0
DA:168,0
DA:169,0
DA:170,0
DA:171,0
DA:172,0
DA:173,0
DA:176,0
DA:178,0
DA:180,0
DA:182,0
DA:184,0
DA:185,0
DA:186,0
DA:187,0
DA:189,0
DA:191,0
DA:192,0
DA:194,0
DA:196,0
DA:197,0
DA:199,0
DA:204,0
DA:205,0
DA:207,0
DA:214,0
DA:215,0
DA:216,0
DA:218,0
DA:220,0
DA:221,0
DA:222,0
DA:224,0
DA:225,0
DA:226,0
DA:228,0
DA:229,0
DA:231,0
DA:232,0
DA:233,0
DA:234,0
DA:236,0
DA:237,0
DA:239,0
DA:240,0
DA:241,0
DA:242,0
DA:243,0
DA:245,0
DA:247,0
DA:248,0
DA:249,0
DA:250,0
DA:251,0
DA:252,0
DA:253,0
DA:256,0
DA:257,0
DA:258,0
DA:260,0
DA:261,0
DA:262,0
DA:266,0
DA:269,0
DA:270,0
DA:271,0
DA:272,0
DA:274,0
DA:275,0
DA:306,0
DA:308,0
DA:309,0
DA:310,0
DA:311,0
DA:312,0
DA:314,0
DA:315,0
DA:316,0
DA:317,0
DA:318,0
DA:319,0
DA:321,0
DA:323,0
DA:324,0
DA:325,0
DA:328,0
DA:330,0
DA:331,0
DA:333,0
DA:335,0
DA:336,0
DA:338,0
DA:340,0
DA:343,0
DA:346,0
DA:347,0
DA:348,0
DA:349,0
DA:350,0
DA:351,0
DA:355,0
DA:357,0
DA:358,0
DA:359,0
DA:361,0
DA:362,0
DA:365,0
DA:366,0
DA:367,0
DA:368,0
DA:369,0
DA:370,0
DA:371,0
DA:373,0
DA:375,0
DA:377,0
DA:379,0
DA:384,0
DA:385,0
DA:386,0
DA:399,0
DA:401,0
DA:402,0
DA:403,0
DA:406,0
DA:407,0
DA:409,0
DA:410,0
DA:411,0
DA:414,0
DA:415,0
DA:416,0
DA:419,0
DA:420,0
DA:421,0
DA:423,0
DA:424,0
DA:425,0
DA:426,0
DA:427,0
DA:428,0
DA:430,0
DA:431,0
DA:433,0
DA:436,0
DA:437,0
DA:438,0
DA:439,0
DA:440,0
DA:443,0
DA:444,0
DA:445,0
DA:446,0
DA:448,0
DA:449,0
DA:450,0
DA:451,0
DA:452,0
DA:454,0
DA:455,0
DA:456,0
DA:457,0
DA:460,0
DA:461,0
DA:463,0
DA:464,0
DA:465,0
DA:466,0
DA:467,0
DA:470,0
DA:471,0
DA:472,0
DA:475,0
DA:476,0
DA:477,0
DA:478,0
DA:480,0
DA:481,0
DA:482,0
DA:483,0
DA:485,0
DA:486,0
DA:487,0
DA:488,0
DA:489,0
DA:491,0
DA:492,0
DA:493,0
DA:494,0
DA:495,0
DA:496,0
DA:497,0
DA:498,0
DA:499,0
DA:501,0
DA:502,0
DA:503,0
DA:506,0
DA:507,0
DA:508,0
DA:509,0
DA:510,0
DA:513,0
DA:514,0
DA:515,0
DA:516,0
DA:517,0
DA:520,0
DA:523,0
DA:525,0
DA:534,14
DA:536,14
DA:537,14
DA:541,14
DA:542,14
DA:543,0
DA:545,14
DA:547,1
DA:549,13
DA:550,13
DA:551,13
DA:552,14
DA:555,1
DA:559,1
DA:560,1
DA:561,1
DA:563,0
DA:564,1
DA:567,36
DA:570,36
DA:571,36
DA:572,1
DA:574,35
DA:575,36
DA:577,35
DA:579,35
DA:580,19
DA:581,19
DA:582,16
DA:583,15
DA:584,15
DA:586,1
DA:587,35
DA:589,0
DA:591,0
DA:593,0
DA:596,0
DA:598,0
DA:601,0
DA:603,0
DA:604,0
DA:605,0
DA:606,0
DA:607,0
DA:608,0
DA:609,0
DA:610,0
DA:611,0
DA:614,0
DA:617,0
DA:620,0
DA:621,0
DA:622,0
DA:623,0
DA:626,0
DA:628,0
DA:629,0
DA:631,0
DA:632,0
DA:633,0
DA:634,0
DA:635,0
DA:636,0
DA:637,0
DA:639,0
DA:641,0
DA:642,0
DA:643,0
DA:644,0
DA:647,0
DA:648,0
DA:649,0
DA:650,0
DA:653,0
DA:654,0
DA:655,0
DA:656,0
DA:657,0
DA:659,0
DA:661,0
DA:662,0
DA:664,0
DA:665,0
DA:666,0
DA:667,0
DA:669,0
DA:670,0
DA:671,0
DA:674,0
DA:675,0
DA:676,0
DA:677,0
DA:679,0
DA:682,0
DA:683,0
DA:684,0
DA:685,0
DA:686,0
DA:688,0
DA:689,0
DA:693,0
DA:694,0
DA:695,0
DA:696,0
DA:697,0
DA:699,0
DA:700,0
DA:701,0
DA:702,0
DA:703,0
DA:704,0
DA:705,0
DA:706,0
DA:708,0
DA:709,0
DA:710,0
DA:714,0
DA:716,0
DA:718,0
DA:719,0
LF:423
LH:31
end_of_record
