TN:
SF:/Users/rpesic/Work/faks/verifikacija/2026_Analysis_neovim/neovim/src/nvim/base64.c
FNL:0,68,131
FNA:0,37,base64_encode
FNL:1,144,226
FNA:1,41,base64_decode
FNF:2
FNH:2
BRDA:71,0,0,1
BRDA:71,0,1,0
BRDA:82,0,0,1
BRDA:82,0,1,1
BRDA:85,0,0,0
BRDA:85,0,1,1
BRDA:97,0,0,1
BRDA:97,0,1,1
BRDA:100,0,0,0
BRDA:100,0,1,1
BRDA:108,0,0,1
BRDA:108,0,1,1
BRDA:114,0,0,1
BRDA:114,0,1,1
BRDA:119,0,0,1
BRDA:119,0,1,1
BRDA:125,0,0,1
BRDA:125,0,1,1
BRDA:147,0,0,1
BRDA:147,0,1,0
BRDA:148,0,0,1
BRDA:148,0,1,0
BRDA:152,0,0,1
BRDA:152,0,1,1
BRDA:157,0,0,1
BRDA:157,0,1,1
BRDA:157,0,2,1
BRDA:157,0,3,1
BRDA:160,0,0,1
BRDA:160,0,1,1
BRDA:160,0,2,1
BRDA:160,0,3,1
BRDA:174,0,0,1
BRDA:174,0,1,1
BRDA:177,0,0,1
BRDA:177,0,1,1
BRDA:178,0,0,1
BRDA:178,0,1,1
BRDA:187,0,0,1
BRDA:187,0,1,1
BRDA:194,0,0,1
BRDA:194,0,1,0
BRDA:194,0,2,0
BRDA:194,0,3,1
BRDA:198,0,0,1
BRDA:198,0,1,1
BRDA:201,0,0,1
BRDA:201,0,1,1
BRDA:203,0,0,1
BRDA:203,0,1,1
BRDA:209,0,0,0
BRDA:209,0,1,1
BRDA:219,0,0,1
BRDA:219,0,1,1
BRF:54
BRH:46
DA:68,37
DA:71,37
DA:73,37
DA:74,37
DA:76,37
DA:77,37
DA:79,37
DA:82,102
DA:84,65
DA:85,65
DA:86,65
DA:87,65
DA:88,65
DA:89,65
DA:90,65
DA:91,65
DA:92,65
DA:93,65
DA:94,65
DA:95,65
DA:97,62
DA:99,25
DA:100,25
DA:101,25
DA:102,25
DA:103,25
DA:104,25
DA:105,25
DA:106,25
DA:108,37
DA:109,11
DA:110,11
DA:111,11
DA:112,11
DA:113,11
DA:114,37
DA:115,12
DA:116,12
DA:117,12
DA:118,12
DA:119,26
DA:120,12
DA:121,12
DA:122,12
DA:123,12
DA:125,73
DA:126,36
DA:127,36
DA:129,37
DA:131,37
DA:144,41
DA:147,41
DA:148,41
DA:150,41
DA:152,41
DA:153,1
DA:156,40
DA:157,40
DA:158,24
DA:159,24
DA:160,40
DA:161,13
DA:162,13
DA:164,40
DA:166,40
DA:168,40
DA:169,40
DA:170,40
DA:171,40
DA:172,40
DA:174,766
DA:175,753
DA:176,753
DA:177,753
DA:178,27
DA:179,26
DA:180,26
DA:182,1
DA:185,726
DA:186,726
DA:187,726
DA:188,535
DA:189,535
DA:190,535
DA:191,535
DA:192,726
DA:194,39
DA:195,0
DA:198,39
DA:199,26
DA:200,26
DA:201,64
DA:202,40
DA:203,40
DA:204,2
DA:206,38
DA:207,38
DA:209,24
DA:210,0
DA:212,24
DA:214,37
DA:216,37
DA:219,4
DA:220,3
DA:221,3
DA:223,4
DA:225,4
DA:226,41
LF:108
LH:106
end_of_record
